<?xml version="1.0" encoding="UTF-8"?>
<!-- Generated by org.testng.reporters.JUnitXMLReporter -->
<testsuite ignored="0" hostname="LAPTOP-EK9SHCC9" failures="1" tests="1" name="Surefire test" time="11.581" errors="0" timestamp="2026-04-05T17:11:13 CEST">
  <testcase classname="com.a11y.tests.HomepageA11yTest" name="checkHomepageWCAG22AA" time="10.115">
    <failure type="java.lang.AssertionError" message="WCAG violations found: 5 expected [0] but found [5]">
      <![CDATA[java.lang.AssertionError: WCAG violations found: 5 expected [0] but found [5]
at com.a11y.tests.HomepageA11yTest.checkHomepageWCAG22AA(HomepageA11yTest.java:84)
at java.base/java.util.ArrayList.forEach(ArrayList.java:1596)
... Removed 36 stack frames]]>
    </failure>
  </testcase> <!-- checkHomepageWCAG22AA -->
</testsuite> <!-- Surefire test -->
