<?xml version="1.0" encoding="UTF-8"?>
<!-- Generated by org.testng.reporters.JUnitXMLReporter -->
<testsuite ignored="0" hostname="LAPTOP-EK9SHCC9" failures="1" tests="1" name="Surefire test" time="13.318" errors="0" timestamp="2026-04-13T11:49:23 CEST">
  <testcase classname="com.a11y.tests.ContactA11yTest" name="checkContactPageWCAG22AA" time="9.305">
    <failure type="java.lang.AssertionError" message="WCAG violations found: 2 expected [0] but found [2]">
      <![CDATA[java.lang.AssertionError: WCAG violations found: 2 expected [0] but found [2]
at com.a11y.tests.ContactA11yTest.checkContactPageWCAG22AA(ContactA11yTest.java:74)
at java.base/java.util.ArrayList.forEach(ArrayList.java:1596)
... Removed 36 stack frames]]>
    </failure>
  </testcase> <!-- checkContactPageWCAG22AA -->
</testsuite> <!-- Surefire test -->
